[2022-01-22 02:21:39] local.ERROR: No application encryption key has been specified. {"exception":"[object] (Illuminate\\Encryption\\MissingAppKeyException(code: 0): No application encryption key has been specified. at D:\\Semester 5\\Praktikum Web dan Teori Web\\Prak WEB PUNYA BENNY\\19104060_RohmanBenyRiyanto_Prak_DPW-main\\Pertemuan 10 (Laravel 4 & 5)\\vendor\\laravel\\framework\\src\\Illuminate\\Encryption\\EncryptionServiceProvider.php:101)
[stacktrace]
#0 D:\\Semester 5\\Praktikum Web dan Teori Web\\Prak WEB PUNYA BENNY\\19104060_RohmanBenyRiyanto_Prak_DPW-main\\Pertemuan 10 (Laravel 4 & 5)\\vendor\\laravel\\framework\\src\\Illuminate\\Support\\helpers.php(263): Illuminate\\Encryption\\EncryptionServiceProvider->Illuminate\\Encryption\\{closure}('')
#1 D:\\Semester 5\\Praktikum Web dan Teori Web\\Prak WEB PUNYA BENNY\\19104060_RohmanBenyRiyanto_Prak_DPW-main\\Pertemuan 10 (Laravel 4 & 5)\\vendor\\laravel\\framework\\src\\Illuminate\\Encryption\\EncryptionServiceProvider.php(103): tap('', Object(Closure))
#2 D:\\Semester 5\\Praktikum Web dan Teori Web\\Prak WEB PUNYA BENNY\\19104060_RohmanBenyRiyanto_Prak_DPW-main\\Pertemuan 10 (Laravel 4 & 5)\\vendor\\laravel\\framework\\src\\Illuminate\\Encryption\\EncryptionServiceProvider.php(82): Illuminate\\Encryption\\EncryptionServiceProvider->key(Array)
#3 D:\\Semester 5\\Praktikum Web dan Teori Web\\Prak WEB PUNYA BENNY\\19104060_RohmanBenyRiyanto_Prak_DPW-main\\Pertemuan 10 (Laravel 4 & 5)\\vendor\\laravel\\framework\\src\\Illuminate\\Encryption\\EncryptionServiceProvider.php(34): Illuminate\\Encryption\\EncryptionServiceProvider->parseKey(Array)
#4 D:\\Semester 5\\Praktikum Web dan Teori Web\\Prak WEB PUNYA BENNY\\19104060_RohmanBenyRiyanto_Prak_DPW-main\\Pertemuan 10 (Laravel 4 & 5)\\vendor\\laravel\\framework\\src\\Illuminate\\Container\\Container.php(873): Illuminate\\Encryption\\EncryptionServiceProvider->Illuminate\\Encryption\\{closure}(Object(Illuminate\\Foundation\\Application), Array)
#5 D:\\Semester 5\\Praktikum Web dan Teori Web\\Prak WEB PUNYA BENNY\\19104060_RohmanBenyRiyanto_Prak_DPW-main\\Pertemuan 10 (Laravel 4 & 5)\\vendor\\laravel\\framework\\src\\Illuminate\\Container\\Container.php(758): Illuminate\\Container\\Container->build(Object(Closure))
#6 D:\\Semester 5\\Praktikum Web dan Teori Web\\Prak WEB PUNYA BENNY\\19104060_RohmanBenyRiyanto_Prak_DPW-main\\Pertemuan 10 (Laravel 4 & 5)\\vendor\\laravel\\framework\\src\\Illuminate\\Foundation\\Application.php(851): Illuminate\\Container\\Container->resolve('encrypter', Array, true)
#7 D:\\Semester 5\\Praktikum Web dan Teori Web\\Prak WEB PUNYA BENNY\\19104060_RohmanBenyRiyanto_Prak_DPW-main\\Pertemuan 10 (Laravel 4 & 5)\\vendor\\laravel\\framework\\src\\Illuminate\\Container\\Container.php(694): Illuminate\\Foundation\\Application->resolve('encrypter', Array)
#8 D:\\Semester 5\\Praktikum Web dan Teori Web\\Prak WEB PUNYA BENNY\\19104060_RohmanBenyRiyanto_Prak_DPW-main\\Pertemuan 10 (Laravel 4 & 5)\\vendor\\laravel\\framework\\src\\Illuminate\\Foundation\\Application.php(836): Illuminate\\Container\\Container->make('encrypter', Array)
#9 D:\\Semester 5\\Praktikum Web dan Teori Web\\Prak WEB PUNYA BENNY\\19104060_RohmanBenyRiyanto_Prak_DPW-main\\Pertemuan 10 (Laravel 4 & 5)\\vendor\\laravel\\framework\\src\\Illuminate\\Container\\Container.php(1031): Illuminate\\Foundation\\Application->make('encrypter')
#10 D:\\Semester 5\\Praktikum Web dan Teori Web\\Prak WEB PUNYA BENNY\\19104060_RohmanBenyRiyanto_Prak_DPW-main\\Pertemuan 10 (Laravel 4 & 5)\\vendor\\laravel\\framework\\src\\Illuminate\\Container\\Container.php(951): Illuminate\\Container\\Container->resolveClass(Object(ReflectionParameter))
#11 D:\\Semester 5\\Praktikum Web dan Teori Web\\Prak WEB PUNYA BENNY\\19104060_RohmanBenyRiyanto_Prak_DPW-main\\Pertemuan 10 (Laravel 4 & 5)\\vendor\\laravel\\framework\\src\\Illuminate\\Container\\Container.php(912): Illuminate\\Container\\Container->resolveDependencies(Array)
#12 D:\\Semester 5\\Praktikum Web dan Teori Web\\Prak WEB PUNYA BENNY\\19104060_RohmanBenyRiyanto_Prak_DPW-main\\Pertemuan 10 (Laravel 4 & 5)\\vendor\\laravel\\framework\\src\\Illuminate\\Container\\Container.php(758): Illuminate\\Container\\Container->build('App\\\\Http\\\\Middle...')
#13 D:\\Semester 5\\Praktikum Web dan Teori Web\\Prak WEB PUNYA BENNY\\19104060_RohmanBenyRiyanto_Prak_DPW-main\\Pertemuan 10 (Laravel 4 & 5)\\vendor\\laravel\\framework\\src\\Illuminate\\Foundation\\Application.php(851): Illuminate\\Container\\Container->resolve('App\\\\Http\\\\Middle...', Array, true)
#14 D:\\Semester 5\\Praktikum Web dan Teori Web\\Prak WEB PUNYA BENNY\\19104060_RohmanBenyRiyanto_Prak_DPW-main\\Pertemuan 10 (Laravel 4 & 5)\\vendor\\laravel\\framework\\src\\Illuminate\\Container\\Container.php(694): Illuminate\\Foundation\\Application->resolve('App\\\\Http\\\\Middle...', Array)
#15 D:\\Semester 5\\Praktikum Web dan Teori Web\\Prak WEB PUNYA BENNY\\19104060_RohmanBenyRiyanto_Prak_DPW-main\\Pertemuan 10 (Laravel 4 & 5)\\vendor\\laravel\\framework\\src\\Illuminate\\Foundation\\Application.php(836): Illuminate\\Container\\Container->make('App\\\\Http\\\\Middle...', Array)
#16 D:\\Semester 5\\Praktikum Web dan Teori Web\\Prak WEB PUNYA BENNY\\19104060_RohmanBenyRiyanto_Prak_DPW-main\\Pertemuan 10 (Laravel 4 & 5)\\vendor\\laravel\\framework\\src\\Illuminate\\Pipeline\\Pipeline.php(156): Illuminate\\Foundation\\Application->make('App\\\\Http\\\\Middle...')
#17 D:\\Semester 5\\Praktikum Web dan Teori Web\\Prak WEB PUNYA BENNY\\19104060_RohmanBenyRiyanto_Prak_DPW-main\\Pertemuan 10 (Laravel 4 & 5)\\vendor\\laravel\\framework\\src\\Illuminate\\Pipeline\\Pipeline.php(103): Illuminate\\Pipeline\\Pipeline->Illuminate\\Pipeline\\{closure}(Object(Illuminate\\Http\\Request))
#18 D:\\Semester 5\\Praktikum Web dan Teori Web\\Prak WEB PUNYA BENNY\\19104060_RohmanBenyRiyanto_Prak_DPW-main\\Pertemuan 10 (Laravel 4 & 5)\\vendor\\laravel\\framework\\src\\Illuminate\\Routing\\Router.php(697): Illuminate\\Pipeline\\Pipeline->then(Object(Closure))
#19 D:\\Semester 5\\Praktikum Web dan Teori Web\\Prak WEB PUNYA BENNY\\19104060_RohmanBenyRiyanto_Prak_DPW-main\\Pertemuan 10 (Laravel 4 & 5)\\vendor\\laravel\\framework\\src\\Illuminate\\Routing\\Router.php(672): Illuminate\\Routing\\Router->runRouteWithinStack(Object(Illuminate\\Routing\\Route), Object(Illuminate\\Http\\Request))
#20 D:\\Semester 5\\Praktikum Web dan Teori Web\\Prak WEB PUNYA BENNY\\19104060_RohmanBenyRiyanto_Prak_DPW-main\\Pertemuan 10 (Laravel 4 & 5)\\vendor\\laravel\\framework\\src\\Illuminate\\Routing\\Router.php(636): Illuminate\\Routing\\Router->runRoute(Object(Illuminate\\Http\\Request), Object(Illuminate\\Routing\\Route))
#21 D:\\Semester 5\\Praktikum Web dan Teori Web\\Prak WEB PUNYA BENNY\\19104060_RohmanBenyRiyanto_Prak_DPW-main\\Pertemuan 10 (Laravel 4 & 5)\\vendor\\laravel\\framework\\src\\Illuminate\\Routing\\Router.php(625): Illuminate\\Routing\\Router->dispatchToRoute(Object(Illuminate\\Http\\Request))
#22 D:\\Semester 5\\Praktikum Web dan Teori Web\\Prak WEB PUNYA BENNY\\19104060_RohmanBenyRiyanto_Prak_DPW-main\\Pertemuan 10 (Laravel 4 & 5)\\vendor\\laravel\\framework\\src\\Illuminate\\Foundation\\Http\\Kernel.php(167): Illuminate\\Routing\\Router->dispatch(Object(Illuminate\\Http\\Request))
#23 D:\\Semester 5\\Praktikum Web dan Teori Web\\Prak WEB PUNYA BENNY\\19104060_RohmanBenyRiyanto_Prak_DPW-main\\Pertemuan 10 (Laravel 4 & 5)\\vendor\\laravel\\framework\\src\\Illuminate\\Pipeline\\Pipeline.php(128): Illuminate\\Foundation\\Http\\Kernel->Illuminate\\Foundation\\Http\\{closure}(Object(Illuminate\\Http\\Request))
#24 D:\\Semester 5\\Praktikum Web dan Teori Web\\Prak WEB PUNYA BENNY\\19104060_RohmanBenyRiyanto_Prak_DPW-main\\Pertemuan 10 (Laravel 4 & 5)\\vendor\\laravel\\framework\\src\\Illuminate\\Foundation\\Http\\Middleware\\TransformsRequest.php(21): Illuminate\\Pipeline\\Pipeline->Illuminate\\Pipeline\\{closure}(Object(Illuminate\\Http\\Request))
#25 D:\\Semester 5\\Praktikum Web dan Teori Web\\Prak WEB PUNYA BENNY\\19104060_RohmanBenyRiyanto_Prak_DPW-main\\Pertemuan 10 (Laravel 4 & 5)\\vendor\\laravel\\framework\\src\\Illuminate\\Foundation\\Http\\Middleware\\ConvertEmptyStringsToNull.php(31): Illuminate\\Foundation\\Http\\Middleware\\TransformsRequest->handle(Object(Illuminate\\Http\\Request), Object(Closure))
#26 D:\\Semester 5\\Praktikum Web dan Teori Web\\Prak WEB PUNYA BENNY\\19104060_RohmanBenyRiyanto_Prak_DPW-main\\Pertemuan 10 (Laravel 4 & 5)\\vendor\\laravel\\framework\\src\\Illuminate\\Pipeline\\Pipeline.php(167): Illuminate\\Foundation\\Http\\Middleware\\ConvertEmptyStringsToNull->handle(Object(Illuminate\\Http\\Request), Object(Closure))
#27 D:\\Semester 5\\Praktikum Web dan Teori Web\\Prak WEB PUNYA BENNY\\19104060_RohmanBenyRiyanto_Prak_DPW-main\\Pertemuan 10 (Laravel 4 & 5)\\vendor\\laravel\\framework\\src\\Illuminate\\Foundation\\Http\\Middleware\\TransformsRequest.php(21): Illuminate\\Pipeline\\Pipeline->Illuminate\\Pipeline\\{closure}(Object(Illuminate\\Http\\Request))
#28 D:\\Semester 5\\Praktikum Web dan Teori Web\\Prak WEB PUNYA BENNY\\19104060_RohmanBenyRiyanto_Prak_DPW-main\\Pertemuan 10 (Laravel 4 & 5)\\vendor\\laravel\\framework\\src\\Illuminate\\Foundation\\Http\\Middleware\\TrimStrings.php(40): Illuminate\\Foundation\\Http\\Middleware\\TransformsRequest->handle(Object(Illuminate\\Http\\Request), Object(Closure))
#29 D:\\Semester 5\\Praktikum Web dan Teori Web\\Prak WEB PUNYA BENNY\\19104060_RohmanBenyRiyanto_Prak_DPW-main\\Pertemuan 10 (Laravel 4 & 5)\\vendor\\laravel\\framework\\src\\Illuminate\\Pipeline\\Pipeline.php(167): Illuminate\\Foundation\\Http\\Middleware\\TrimStrings->handle(Object(Illuminate\\Http\\Request), Object(Closure))
#30 D:\\Semester 5\\Praktikum Web dan Teori Web\\Prak WEB PUNYA BENNY\\19104060_RohmanBenyRiyanto_Prak_DPW-main\\Pertemuan 10 (Laravel 4 & 5)\\vendor\\laravel\\framework\\src\\Illuminate\\Foundation\\Http\\Middleware\\ValidatePostSize.php(27): Illuminate\\Pipeline\\Pipeline->Illuminate\\Pipeline\\{closure}(Object(Illuminate\\Http\\Request))
#31 D:\\Semester 5\\Praktikum Web dan Teori Web\\Prak WEB PUNYA BENNY\\19104060_RohmanBenyRiyanto_Prak_DPW-main\\Pertemuan 10 (Laravel 4 & 5)\\vendor\\laravel\\framework\\src\\Illuminate\\Pipeline\\Pipeline.php(167): Illuminate\\Foundation\\Http\\Middleware\\ValidatePostSize->handle(Object(Illuminate\\Http\\Request), Object(Closure))
#32 D:\\Semester 5\\Praktikum Web dan Teori Web\\Prak WEB PUNYA BENNY\\19104060_RohmanBenyRiyanto_Prak_DPW-main\\Pertemuan 10 (Laravel 4 & 5)\\vendor\\laravel\\framework\\src\\Illuminate\\Foundation\\Http\\Middleware\\PreventRequestsDuringMaintenance.php(86): Illuminate\\Pipeline\\Pipeline->Illuminate\\Pipeline\\{closure}(Object(Illuminate\\Http\\Request))
#33 D:\\Semester 5\\Praktikum Web dan Teori Web\\Prak WEB PUNYA BENNY\\19104060_RohmanBenyRiyanto_Prak_DPW-main\\Pertemuan 10 (Laravel 4 & 5)\\vendor\\laravel\\framework\\src\\Illuminate\\Pipeline\\Pipeline.php(167): Illuminate\\Foundation\\Http\\Middleware\\PreventRequestsDuringMaintenance->handle(Object(Illuminate\\Http\\Request), Object(Closure))
#34 D:\\Semester 5\\Praktikum Web dan Teori Web\\Prak WEB PUNYA BENNY\\19104060_RohmanBenyRiyanto_Prak_DPW-main\\Pertemuan 10 (Laravel 4 & 5)\\vendor\\fruitcake\\laravel-cors\\src\\HandleCors.php(38): Illuminate\\Pipeline\\Pipeline->Illuminate\\Pipeline\\{closure}(Object(Illuminate\\Http\\Request))
#35 D:\\Semester 5\\Praktikum Web dan Teori Web\\Prak WEB PUNYA BENNY\\19104060_RohmanBenyRiyanto_Prak_DPW-main\\Pertemuan 10 (Laravel 4 & 5)\\vendor\\laravel\\framework\\src\\Illuminate\\Pipeline\\Pipeline.php(167): Fruitcake\\Cors\\HandleCors->handle(Object(Illuminate\\Http\\Request), Object(Closure))
#36 D:\\Semester 5\\Praktikum Web dan Teori Web\\Prak WEB PUNYA BENNY\\19104060_RohmanBenyRiyanto_Prak_DPW-main\\Pertemuan 10 (Laravel 4 & 5)\\vendor\\laravel\\framework\\src\\Illuminate\\Http\\Middleware\\TrustProxies.php(39): Illuminate\\Pipeline\\Pipeline->Illuminate\\Pipeline\\{closure}(Object(Illuminate\\Http\\Request))
#37 D:\\Semester 5\\Praktikum Web dan Teori Web\\Prak WEB PUNYA BENNY\\19104060_RohmanBenyRiyanto_Prak_DPW-main\\Pertemuan 10 (Laravel 4 & 5)\\vendor\\laravel\\framework\\src\\Illuminate\\Pipeline\\Pipeline.php(167): Illuminate\\Http\\Middleware\\TrustProxies->handle(Object(Illuminate\\Http\\Request), Object(Closure))
#38 D:\\Semester 5\\Praktikum Web dan Teori Web\\Prak WEB PUNYA BENNY\\19104060_RohmanBenyRiyanto_Prak_DPW-main\\Pertemuan 10 (Laravel 4 & 5)\\vendor\\laravel\\framework\\src\\Illuminate\\Pipeline\\Pipeline.php(103): Illuminate\\Pipeline\\Pipeline->Illuminate\\Pipeline\\{closure}(Object(Illuminate\\Http\\Request))
#39 D:\\Semester 5\\Praktikum Web dan Teori Web\\Prak WEB PUNYA BENNY\\19104060_RohmanBenyRiyanto_Prak_DPW-main\\Pertemuan 10 (Laravel 4 & 5)\\vendor\\laravel\\framework\\src\\Illuminate\\Foundation\\Http\\Kernel.php(142): Illuminate\\Pipeline\\Pipeline->then(Object(Closure))
#40 D:\\Semester 5\\Praktikum Web dan Teori Web\\Prak WEB PUNYA BENNY\\19104060_RohmanBenyRiyanto_Prak_DPW-main\\Pertemuan 10 (Laravel 4 & 5)\\vendor\\laravel\\framework\\src\\Illuminate\\Foundation\\Http\\Kernel.php(111): Illuminate\\Foundation\\Http\\Kernel->sendRequestThroughRouter(Object(Illuminate\\Http\\Request))
#41 D:\\Semester 5\\Praktikum Web dan Teori Web\\Prak WEB PUNYA BENNY\\19104060_RohmanBenyRiyanto_Prak_DPW-main\\Pertemuan 10 (Laravel 4 & 5)\\public\\index.php(52): Illuminate\\Foundation\\Http\\Kernel->handle(Object(Illuminate\\Http\\Request))
#42 D:\\Semester 5\\Praktikum Web dan Teori Web\\Prak WEB PUNYA BENNY\\19104060_RohmanBenyRiyanto_Prak_DPW-main\\Pertemuan 10 (Laravel 4 & 5)\\server.php(21): require_once('D:\\\\Semester 5\\\\P...')
#43 {main}
"} 
[2022-01-22 02:21:39] local.ERROR: No application encryption key has been specified. {"exception":"[object] (Illuminate\\Encryption\\MissingAppKeyException(code: 0): No application encryption key has been specified. at D:\\Semester 5\\Praktikum Web dan Teori Web\\Prak WEB PUNYA BENNY\\19104060_RohmanBenyRiyanto_Prak_DPW-main\\Pertemuan 10 (Laravel 4 & 5)\\vendor\\laravel\\framework\\src\\Illuminate\\Encryption\\EncryptionServiceProvider.php:101)
[stacktrace]
#0 D:\\Semester 5\\Praktikum Web dan Teori Web\\Prak WEB PUNYA BENNY\\19104060_RohmanBenyRiyanto_Prak_DPW-main\\Pertemuan 10 (Laravel 4 & 5)\\vendor\\laravel\\framework\\src\\Illuminate\\Support\\helpers.php(263): Illuminate\\Encryption\\EncryptionServiceProvider->Illuminate\\Encryption\\{closure}('')
#1 D:\\Semester 5\\Praktikum Web dan Teori Web\\Prak WEB PUNYA BENNY\\19104060_RohmanBenyRiyanto_Prak_DPW-main\\Pertemuan 10 (Laravel 4 & 5)\\vendor\\laravel\\framework\\src\\Illuminate\\Encryption\\EncryptionServiceProvider.php(103): tap('', Object(Closure))
#2 D:\\Semester 5\\Praktikum Web dan Teori Web\\Prak WEB PUNYA BENNY\\19104060_RohmanBenyRiyanto_Prak_DPW-main\\Pertemuan 10 (Laravel 4 & 5)\\vendor\\laravel\\framework\\src\\Illuminate\\Encryption\\EncryptionServiceProvider.php(82): Illuminate\\Encryption\\EncryptionServiceProvider->key(Array)
#3 D:\\Semester 5\\Praktikum Web dan Teori Web\\Prak WEB PUNYA BENNY\\19104060_RohmanBenyRiyanto_Prak_DPW-main\\Pertemuan 10 (Laravel 4 & 5)\\vendor\\laravel\\framework\\src\\Illuminate\\Encryption\\EncryptionServiceProvider.php(34): Illuminate\\Encryption\\EncryptionServiceProvider->parseKey(Array)
#4 D:\\Semester 5\\Praktikum Web dan Teori Web\\Prak WEB PUNYA BENNY\\19104060_RohmanBenyRiyanto_Prak_DPW-main\\Pertemuan 10 (Laravel 4 & 5)\\vendor\\laravel\\framework\\src\\Illuminate\\Container\\Container.php(873): Illuminate\\Encryption\\EncryptionServiceProvider->Illuminate\\Encryption\\{closure}(Object(Illuminate\\Foundation\\Application), Array)
#5 D:\\Semester 5\\Praktikum Web dan Teori Web\\Prak WEB PUNYA BENNY\\19104060_RohmanBenyRiyanto_Prak_DPW-main\\Pertemuan 10 (Laravel 4 & 5)\\vendor\\laravel\\framework\\src\\Illuminate\\Container\\Container.php(758): Illuminate\\Container\\Container->build(Object(Closure))
#6 D:\\Semester 5\\Praktikum Web dan Teori Web\\Prak WEB PUNYA BENNY\\19104060_RohmanBenyRiyanto_Prak_DPW-main\\Pertemuan 10 (Laravel 4 & 5)\\vendor\\laravel\\framework\\src\\Illuminate\\Foundation\\Application.php(851): Illuminate\\Container\\Container->resolve('encrypter', Array, true)
#7 D:\\Semester 5\\Praktikum Web dan Teori Web\\Prak WEB PUNYA BENNY\\19104060_RohmanBenyRiyanto_Prak_DPW-main\\Pertemuan 10 (Laravel 4 & 5)\\vendor\\laravel\\framework\\src\\Illuminate\\Container\\Container.php(694): Illuminate\\Foundation\\Application->resolve('encrypter', Array)
#8 D:\\Semester 5\\Praktikum Web dan Teori Web\\Prak WEB PUNYA BENNY\\19104060_RohmanBenyRiyanto_Prak_DPW-main\\Pertemuan 10 (Laravel 4 & 5)\\vendor\\laravel\\framework\\src\\Illuminate\\Foundation\\Application.php(836): Illuminate\\Container\\Container->make('encrypter', Array)
#9 D:\\Semester 5\\Praktikum Web dan Teori Web\\Prak WEB PUNYA BENNY\\19104060_RohmanBenyRiyanto_Prak_DPW-main\\Pertemuan 10 (Laravel 4 & 5)\\vendor\\laravel\\framework\\src\\Illuminate\\Container\\Container.php(1031): Illuminate\\Foundation\\Application->make('encrypter')
#10 D:\\Semester 5\\Praktikum Web dan Teori Web\\Prak WEB PUNYA BENNY\\19104060_RohmanBenyRiyanto_Prak_DPW-main\\Pertemuan 10 (Laravel 4 & 5)\\vendor\\laravel\\framework\\src\\Illuminate\\Container\\Container.php(951): Illuminate\\Container\\Container->resolveClass(Object(ReflectionParameter))
#11 D:\\Semester 5\\Praktikum Web dan Teori Web\\Prak WEB PUNYA BENNY\\19104060_RohmanBenyRiyanto_Prak_DPW-main\\Pertemuan 10 (Laravel 4 & 5)\\vendor\\laravel\\framework\\src\\Illuminate\\Container\\Container.php(912): Illuminate\\Container\\Container->resolveDependencies(Array)
#12 D:\\Semester 5\\Praktikum Web dan Teori Web\\Prak WEB PUNYA BENNY\\19104060_RohmanBenyRiyanto_Prak_DPW-main\\Pertemuan 10 (Laravel 4 & 5)\\vendor\\laravel\\framework\\src\\Illuminate\\Container\\Container.php(758): Illuminate\\Container\\Container->build('App\\\\Http\\\\Middle...')
#13 D:\\Semester 5\\Praktikum Web dan Teori Web\\Prak WEB PUNYA BENNY\\19104060_RohmanBenyRiyanto_Prak_DPW-main\\Pertemuan 10 (Laravel 4 & 5)\\vendor\\laravel\\framework\\src\\Illuminate\\Foundation\\Application.php(851): Illuminate\\Container\\Container->resolve('App\\\\Http\\\\Middle...', Array, true)
#14 D:\\Semester 5\\Praktikum Web dan Teori Web\\Prak WEB PUNYA BENNY\\19104060_RohmanBenyRiyanto_Prak_DPW-main\\Pertemuan 10 (Laravel 4 & 5)\\vendor\\laravel\\framework\\src\\Illuminate\\Container\\Container.php(694): Illuminate\\Foundation\\Application->resolve('App\\\\Http\\\\Middle...', Array)
#15 D:\\Semester 5\\Praktikum Web dan Teori Web\\Prak WEB PUNYA BENNY\\19104060_RohmanBenyRiyanto_Prak_DPW-main\\Pertemuan 10 (Laravel 4 & 5)\\vendor\\laravel\\framework\\src\\Illuminate\\Foundation\\Application.php(836): Illuminate\\Container\\Container->make('App\\\\Http\\\\Middle...', Array)
#16 D:\\Semester 5\\Praktikum Web dan Teori Web\\Prak WEB PUNYA BENNY\\19104060_RohmanBenyRiyanto_Prak_DPW-main\\Pertemuan 10 (Laravel 4 & 5)\\vendor\\laravel\\framework\\src\\Illuminate\\Foundation\\Http\\Kernel.php(206): Illuminate\\Foundation\\Application->make('App\\\\Http\\\\Middle...')
#17 D:\\Semester 5\\Praktikum Web dan Teori Web\\Prak WEB PUNYA BENNY\\19104060_RohmanBenyRiyanto_Prak_DPW-main\\Pertemuan 10 (Laravel 4 & 5)\\vendor\\laravel\\framework\\src\\Illuminate\\Foundation\\Http\\Kernel.php(180): Illuminate\\Foundation\\Http\\Kernel->terminateMiddleware(Object(Illuminate\\Http\\Request), Object(Illuminate\\Http\\Response))
#18 D:\\Semester 5\\Praktikum Web dan Teori Web\\Prak WEB PUNYA BENNY\\19104060_RohmanBenyRiyanto_Prak_DPW-main\\Pertemuan 10 (Laravel 4 & 5)\\public\\index.php(55): Illuminate\\Foundation\\Http\\Kernel->terminate(Object(Illuminate\\Http\\Request), Object(Illuminate\\Http\\Response))
#19 D:\\Semester 5\\Praktikum Web dan Teori Web\\Prak WEB PUNYA BENNY\\19104060_RohmanBenyRiyanto_Prak_DPW-main\\Pertemuan 10 (Laravel 4 & 5)\\server.php(21): require_once('D:\\\\Semester 5\\\\P...')
#20 {main}
"} 
